mode: set
github.com/Alterra-DataOn-Kelompok-5/employee-service/internal/app/auth/service.go:24.45,28.2 1 1
github.com/Alterra-DataOn-Kelompok-5/employee-service/internal/app/auth/service.go:30.142,34.16 3 1
github.com/Alterra-DataOn-Kelompok-5/employee-service/internal/app/auth/service.go:41.2,41.66 1 1
github.com/Alterra-DataOn-Kelompok-5/employee-service/internal/app/auth/service.go:48.2,57.20 2 1
github.com/Alterra-DataOn-Kelompok-5/employee-service/internal/app/auth/service.go:34.16,35.37 1 1
github.com/Alterra-DataOn-Kelompok-5/employee-service/internal/app/auth/service.go:38.3,38.79 1 0
github.com/Alterra-DataOn-Kelompok-5/employee-service/internal/app/auth/service.go:35.37,37.4 1 1
github.com/Alterra-DataOn-Kelompok-5/employee-service/internal/app/auth/service.go:41.66,46.3 1 1
github.com/Alterra-DataOn-Kelompok-5/employee-service/internal/app/auth/service.go:60.147,63.16 3 1
github.com/Alterra-DataOn-Kelompok-5/employee-service/internal/app/auth/service.go:66.2,66.13 1 1
github.com/Alterra-DataOn-Kelompok-5/employee-service/internal/app/auth/service.go:70.2,71.16 2 1
github.com/Alterra-DataOn-Kelompok-5/employee-service/internal/app/auth/service.go:74.2,77.16 3 1
github.com/Alterra-DataOn-Kelompok-5/employee-service/internal/app/auth/service.go:83.2,92.20 2 1
github.com/Alterra-DataOn-Kelompok-5/employee-service/internal/app/auth/service.go:63.16,65.3 1 0
github.com/Alterra-DataOn-Kelompok-5/employee-service/internal/app/auth/service.go:66.13,68.3 1 1
github.com/Alterra-DataOn-Kelompok-5/employee-service/internal/app/auth/service.go:71.16,73.3 1 0
github.com/Alterra-DataOn-Kelompok-5/employee-service/internal/app/auth/service.go:77.16,79.3 1 0
github.com/Alterra-DataOn-Kelompok-5/employee-service/internal/app/auth/handler.go:15.46,19.2 1 1
github.com/Alterra-DataOn-Kelompok-5/employee-service/internal/app/auth/handler.go:21.65,23.40 2 1
github.com/Alterra-DataOn-Kelompok-5/employee-service/internal/app/auth/handler.go:26.2,26.44 1 1
github.com/Alterra-DataOn-Kelompok-5/employee-service/internal/app/auth/handler.go:30.2,31.16 2 1
github.com/Alterra-DataOn-Kelompok-5/employee-service/internal/app/auth/handler.go:35.2,35.46 1 1
github.com/Alterra-DataOn-Kelompok-5/employee-service/internal/app/auth/handler.go:23.40,25.3 1 0
github.com/Alterra-DataOn-Kelompok-5/employee-service/internal/app/auth/handler.go:26.44,28.3 1 1
github.com/Alterra-DataOn-Kelompok-5/employee-service/internal/app/auth/handler.go:31.16,33.3 1 1
github.com/Alterra-DataOn-Kelompok-5/employee-service/internal/app/auth/handler.go:38.68,40.40 2 1
github.com/Alterra-DataOn-Kelompok-5/employee-service/internal/app/auth/handler.go:43.2,43.44 1 1
github.com/Alterra-DataOn-Kelompok-5/employee-service/internal/app/auth/handler.go:46.2,49.16 3 1
github.com/Alterra-DataOn-Kelompok-5/employee-service/internal/app/auth/handler.go:53.2,53.46 1 1
github.com/Alterra-DataOn-Kelompok-5/employee-service/internal/app/auth/handler.go:40.40,42.3 1 0
github.com/Alterra-DataOn-Kelompok-5/employee-service/internal/app/auth/handler.go:43.44,45.3 1 1
github.com/Alterra-DataOn-Kelompok-5/employee-service/internal/app/auth/handler.go:49.16,51.3 1 1
github.com/Alterra-DataOn-Kelompok-5/employee-service/internal/app/auth/route.go:7.40,10.2 2 0
github.com/Alterra-DataOn-Kelompok-5/employee-service/internal/app/employee/handler.go:17.46,21.2 1 1
github.com/Alterra-DataOn-Kelompok-5/employee-service/internal/app/employee/handler.go:23.45,25.40 2 1
github.com/Alterra-DataOn-Kelompok-5/employee-service/internal/app/employee/handler.go:29.2,29.44 1 1
github.com/Alterra-DataOn-Kelompok-5/employee-service/internal/app/employee/handler.go:33.2,34.16 2 1
github.com/Alterra-DataOn-Kelompok-5/employee-service/internal/app/employee/handler.go:38.2,38.118 1 1
github.com/Alterra-DataOn-Kelompok-5/employee-service/internal/app/employee/handler.go:25.40,27.3 1 1
github.com/Alterra-DataOn-Kelompok-5/employee-service/internal/app/employee/handler.go:29.44,31.3 1 0
github.com/Alterra-DataOn-Kelompok-5/employee-service/internal/app/employee/handler.go:34.16,36.3 1 0
github.com/Alterra-DataOn-Kelompok-5/employee-service/internal/app/employee/handler.go:41.49,43.40 2 1
github.com/Alterra-DataOn-Kelompok-5/employee-service/internal/app/employee/handler.go:46.2,46.44 1 1
github.com/Alterra-DataOn-Kelompok-5/employee-service/internal/app/employee/handler.go:50.2,51.16 2 1
github.com/Alterra-DataOn-Kelompok-5/employee-service/internal/app/employee/handler.go:55.2,55.44 1 1
github.com/Alterra-DataOn-Kelompok-5/employee-service/internal/app/employee/handler.go:43.40,45.3 1 1
github.com/Alterra-DataOn-Kelompok-5/employee-service/internal/app/employee/handler.go:46.44,48.3 1 0
github.com/Alterra-DataOn-Kelompok-5/employee-service/internal/app/employee/handler.go:51.16,53.3 1 1
github.com/Alterra-DataOn-Kelompok-5/employee-service/internal/app/employee/handler.go:58.52,60.40 2 1
github.com/Alterra-DataOn-Kelompok-5/employee-service/internal/app/employee/handler.go:63.2,63.44 1 1
github.com/Alterra-DataOn-Kelompok-5/employee-service/internal/app/employee/handler.go:66.2,67.16 2 1
github.com/Alterra-DataOn-Kelompok-5/employee-service/internal/app/employee/handler.go:71.2,71.44 1 1
github.com/Alterra-DataOn-Kelompok-5/employee-service/internal/app/employee/handler.go:60.40,62.3 1 1
github.com/Alterra-DataOn-Kelompok-5/employee-service/internal/app/employee/handler.go:63.44,65.3 1 0
github.com/Alterra-DataOn-Kelompok-5/employee-service/internal/app/employee/handler.go:67.16,69.3 1 1
github.com/Alterra-DataOn-Kelompok-5/employee-service/internal/app/employee/handler.go:74.52,76.40 2 1
github.com/Alterra-DataOn-Kelompok-5/employee-service/internal/app/employee/handler.go:79.2,79.44 1 1
github.com/Alterra-DataOn-Kelompok-5/employee-service/internal/app/employee/handler.go:82.2,83.16 2 1
github.com/Alterra-DataOn-Kelompok-5/employee-service/internal/app/employee/handler.go:87.2,87.44 1 1
github.com/Alterra-DataOn-Kelompok-5/employee-service/internal/app/employee/handler.go:76.40,78.3 1 1
github.com/Alterra-DataOn-Kelompok-5/employee-service/internal/app/employee/handler.go:79.44,81.3 1 0
github.com/Alterra-DataOn-Kelompok-5/employee-service/internal/app/employee/handler.go:83.16,85.3 1 1
github.com/Alterra-DataOn-Kelompok-5/employee-service/internal/app/employee/route.go:7.40,12.2 4 0
github.com/Alterra-DataOn-Kelompok-5/employee-service/internal/app/employee/service.go:24.45,28.2 1 1
github.com/Alterra-DataOn-Kelompok-5/employee-service/internal/app/employee/service.go:30.130,33.16 2 1
github.com/Alterra-DataOn-Kelompok-5/employee-service/internal/app/employee/service.go:37.2,39.37 2 1
github.com/Alterra-DataOn-Kelompok-5/employee-service/internal/app/employee/service.go:48.2,52.20 4 1
github.com/Alterra-DataOn-Kelompok-5/employee-service/internal/app/employee/service.go:33.16,35.3 1 0
github.com/Alterra-DataOn-Kelompok-5/employee-service/internal/app/employee/service.go:39.37,46.3 1 1
github.com/Alterra-DataOn-Kelompok-5/employee-service/internal/app/employee/service.go:55.112,57.16 2 1
github.com/Alterra-DataOn-Kelompok-5/employee-service/internal/app/employee/service.go:64.2,80.20 2 1
github.com/Alterra-DataOn-Kelompok-5/employee-service/internal/app/employee/service.go:57.16,58.37 1 1
github.com/Alterra-DataOn-Kelompok-5/employee-service/internal/app/employee/service.go:61.3,61.102 1 0
github.com/Alterra-DataOn-Kelompok-5/employee-service/internal/app/employee/service.go:58.37,60.4 1 1
github.com/Alterra-DataOn-Kelompok-5/employee-service/internal/app/employee/service.go:83.128,85.16 2 1
github.com/Alterra-DataOn-Kelompok-5/employee-service/internal/app/employee/service.go:92.2,93.16 2 1
github.com/Alterra-DataOn-Kelompok-5/employee-service/internal/app/employee/service.go:97.2,113.20 2 1
github.com/Alterra-DataOn-Kelompok-5/employee-service/internal/app/employee/service.go:85.16,86.37 1 1
github.com/Alterra-DataOn-Kelompok-5/employee-service/internal/app/employee/service.go:89.3,89.102 1 0
github.com/Alterra-DataOn-Kelompok-5/employee-service/internal/app/employee/service.go:86.37,88.4 1 1
github.com/Alterra-DataOn-Kelompok-5/employee-service/internal/app/employee/service.go:93.16,95.3 1 0
github.com/Alterra-DataOn-Kelompok-5/employee-service/internal/app/employee/service.go:116.115,118.16 2 1
github.com/Alterra-DataOn-Kelompok-5/employee-service/internal/app/employee/service.go:124.2,125.16 2 1
github.com/Alterra-DataOn-Kelompok-5/employee-service/internal/app/employee/service.go:129.2,140.20 2 1
github.com/Alterra-DataOn-Kelompok-5/employee-service/internal/app/employee/service.go:118.16,119.37 1 1
github.com/Alterra-DataOn-Kelompok-5/employee-service/internal/app/employee/service.go:122.3,122.103 1 0
github.com/Alterra-DataOn-Kelompok-5/employee-service/internal/app/employee/service.go:119.37,121.4 1 1
github.com/Alterra-DataOn-Kelompok-5/employee-service/internal/app/employee/service.go:125.16,127.3 1 0
github.com/Alterra-DataOn-Kelompok-5/employee-service/pkg/util/hash.go:5.76,8.2 2 1
github.com/Alterra-DataOn-Kelompok-5/employee-service/pkg/util/hash.go:10.69,13.2 2 1
github.com/Alterra-DataOn-Kelompok-5/employee-service/pkg/util/validator.go:14.58,15.47 1 0
github.com/Alterra-DataOn-Kelompok-5/employee-service/pkg/util/validator.go:18.2,18.12 1 0
github.com/Alterra-DataOn-Kelompok-5/employee-service/pkg/util/validator.go:15.47,17.3 1 0
